<?xml version="1.0" encoding="UTF-8"?>
<!-- Generated by org.testng.reporters.JUnitReportReporter -->
<testsuite skipped="0" hostname="SAI-KOTTAKOTA" name="com.tests.TestCases" tests="1" failures="0" timestamp="10 Oct 2019 11:40:18 GMT" time="12.793" errors="0">
  <testcase name="login" time="12.793" classname="com.tests.TestCases"/>
</testsuite> <!-- com.tests.TestCases -->
