<?xml version="1.0" encoding="UTF-8"?>
<!-- Generated by org.testng.reporters.JUnitReportReporter -->
<testsuite skipped="0" hostname="SAI-KOTTAKOTA" name="com.tests.TestCases" tests="1" failures="0" timestamp="12 Oct 2019 12:25:44 GMT" time="10.278" errors="0">
  <testcase name="searchDepen" time="10.278" classname="com.tests.TestCases"/>
</testsuite> <!-- com.tests.TestCases -->
